# JRE version: Java(TM) SE Runtime Environment 18.9 (11.0.7+8) (build 11.0.7+8-LTS)
# Java VM: Java HotSpot(TM) 64-Bit Server VM 18.9 (11.0.7+8-LTS, mixed mode, tiered, compressed oops, g1 gc, windows-amd64)
Heap:
 garbage-first heap   total 155648K, used 14884K [0x0000000083400000, 0x0000000100000000)
  region size 1024K, 7 young (7168K), 7 survivors (7168K)
 Metaspace       used 32804K, capacity 34052K, committed 34304K, reserved 1079296K
  class space    used 4069K, capacity 4540K, committed 4608K, reserved 1048576K
GC Heap History (10 events):
Event: 0.992 GC heap after
{Heap after GC invocations=1 (full 0):
 garbage-first heap   total 129024K, used 6820K [0x0000000083400000, 0x0000000100000000)
  region size 1024K, 3 young (3072K), 3 survivors (3072K)
 Metaspace       used 14005K, capacity 14280K, committed 14464K, reserved 1062912K
  class space    used 1476K, capacity 1596K, committed 1664K, reserved 1048576K
}
Event: 1.272 GC heap before
{Heap before GC invocations=1 (full 0):
 garbage-first heap   total 129024K, used 62116K [0x0000000083400000, 0x0000000100000000)
  region size 1024K, 58 young (59392K), 3 survivors (3072K)
 Metaspace       used 17171K, capacity 17629K, committed 17792K, reserved 1064960K
  class space    used 1904K, capacity 2120K, committed 2176K, reserved 1048576K
}
Event: 1.277 GC heap after
{Heap after GC invocations=2 (full 0):
 garbage-first heap   total 129024K, used 8095K [0x0000000083400000, 0x0000000100000000)
  region size 1024K, 5 young (5120K), 5 survivors (5120K)
 Metaspace       used 17171K, capacity 17629K, committed 17792K, reserved 1064960K
  class space    used 1904K, capacity 2120K, committed 2176K, reserved 1048576K
}
Event: 1.554 GC heap before
{Heap before GC invocations=2 (full 0):
 garbage-first heap   total 129024K, used 31647K [0x0000000083400000, 0x0000000100000000)
  region size 1024K, 29 young (29696K), 5 survivors (5120K)
 Metaspace       used 20448K, capacity 21170K, committed 21296K, reserved 1069056K
  class space    used 2395K, capacity 2660K, committed 2688K, reserved 1048576K
}
Event: 1.560 GC heap after
{Heap after GC invocations=3 (full 0):
 garbage-first heap   total 129024K, used 9114K [0x0000000083400000, 0x0000000100000000)
  region size 1024K, 6 young (6144K), 6 survivors (6144K)
 Metaspace       used 20448K, capacity 21170K, committed 21296K, reserved 1069056K
  class space    used 2395K, capacity 2660K, committed 2688K, reserved 1048576K
}
Event: 1.819 GC heap before
{Heap before GC invocations=4 (full 0):
 garbage-first heap   total 129024K, used 72602K [0x0000000083400000, 0x0000000100000000)
  region size 1024K, 69 young (70656K), 6 survivors (6144K)
 Metaspace       used 25051K, capacity 25979K, committed 26240K, reserved 1073152K
  class space    used 3009K, capacity 3354K, committed 3456K, reserved 1048576K
}
Event: 1.825 GC heap after
{Heap after GC invocations=5 (full 0):
 garbage-first heap   total 129024K, used 10583K [0x0000000083400000, 0x0000000100000000)
  region size 1024K, 4 young (4096K), 4 survivors (4096K)
 Metaspace       used 25051K, capacity 25979K, committed 26240K, reserved 1073152K
  class space    used 3009K, capacity 3354K, committed 3456K, reserved 1048576K
}
Event: 2.530 GC heap before
{Heap before GC invocations=5 (full 0):
 garbage-first heap   total 129024K, used 82263K [0x0000000083400000, 0x0000000100000000)
  region size 1024K, 75 young (76800K), 4 survivors (4096K)
 Metaspace       used 29970K, capacity 31097K, committed 31360K, reserved 1077248K
  class space    used 3717K, capacity 4150K, committed 4224K, reserved 1048576K
}
Event: 2.535 GC heap after
{Heap after GC invocations=6 (full 0):
 garbage-first heap   total 129024K, used 12945K [0x0000000083400000, 0x0000000100000000)
  region size 1024K, 6 young (6144K), 6 survivors (6144K)
 Metaspace       used 29970K, capacity 31097K, committed 31360K, reserved 1077248K
  class space    used 3717K, capacity 4150K, committed 4224K, reserved 1048576K
}
Event: 2.747 GC heap before
{Heap before GC invocations=6 (full 0):
 garbage-first heap   total 129024K, used 82577K [0x0000000083400000, 0x0000000100000000)
  region size 1024K, 75 young (76800K), 6 survivors (6144K)
 Metaspace       used 32804K, capacity 34052K, committed 34304K, reserved 1079296K
  class space    used 4069K, capacity 4540K, committed 4608K, reserved 1048576K
}

